🚀 Starting V3 Engine for: "marketing automation tool" | Target: 10
⬇️ Fetching reddit page for: marketing
  📥 Pulled 100 posts. Active unique batch size: 100
⬇️ Fetching reddit page for: digital_marketing
  📥 Pulled 100 posts. Active unique batch size: 200
⬇️ Fetching reddit page for: socialmedia
  📥 Pulled 100 posts. Active unique batch size: 300
⬇️ Fetching reddit page for: SEO
  📥 Pulled 100 posts. Active unique batch size: 400
⬇️ Fetching reddit page for: PPC
  📥 Pulled 100 posts. Active unique batch size: 500
⬇️ Fetching reddit page for: content_marketing
  📥 Pulled 100 posts. Active unique batch size: 600
⬇️ Fetching reddit page for: entrepreneur
  📥 Pulled 100 posts. Active unique batch size: 700
🧠 Parallel analyzing 20 posts...
✅ Found 0 leads. (Total: 0/10)
🧠 Parallel analyzing 20 posts...
✅ Found 0 leads. (Total: 0/10)
🧠 Parallel analyzing 20 posts...
[API] Calling selectSubreddits for marketing automation tool
✅ Found 0 leads. (Total: 0/10)
🧠 Parallel analyzing 20 posts...
[API] Subreddits selected: marketing, digital_marketing, socialmedia, SEO, PPC, content_marketing, entrepreneur
🚀 Starting V3 Engine for: "marketing automation tool" | Target: 10
⬇️ Fetching reddit page for: marketing
  📥 Pulled 100 posts. Active unique batch size: 100
⬇️ Fetching reddit page for: digital_marketing
  📥 Pulled 100 posts. Active unique batch size: 200
⬇️ Fetching reddit page for: socialmedia
  📥 Pulled 100 posts. Active unique batch size: 300
⬇️ Fetching reddit page for: SEO
✅ Found 0 leads. (Total: 0/10)
🧠 Parallel analyzing 20 posts...
  📥 Pulled 100 posts. Active unique batch size: 400
⬇️ Fetching reddit page for: PPC
  📥 Pulled 100 posts. Active unique batch size: 500
⬇️ Fetching reddit page for: content_marketing
  📥 Pulled 100 posts. Active unique batch size: 600
⬇️ Fetching reddit page for: entrepreneur
  📥 Pulled 100 posts. Active unique batch size: 700
🧠 Parallel analyzing 20 posts...
✅ Found 0 leads. (Total: 0/10)
🧠 Parallel analyzing 20 posts...
✅ Found 0 leads. (Total: 0/10)
🧠 Parallel analyzing 20 posts...
✅ Found 0 leads. (Total: 0/10)
🧠 Parallel analyzing 20 posts...
✅ Found 0 leads. (Total: 0/10)
🧠 Parallel analyzing 20 posts...
✅ Found 0 leads. (Total: 0/10)
🧠 Parallel analyzing 20 posts...
✅ Found 0 leads. (Total: 0/10)
🧠 Parallel analyzing 20 posts...
✅ Found 0 leads. (Total: 0/10)
🧠 Parallel analyzing 20 posts...
✅ Found 0 leads. (Total: 0/10)
🧠 Parallel analyzing 20 posts...
✅ Found 0 leads. (Total: 0/10)
🧠 Parallel analyzing 20 posts...
✅ Found 0 leads. (Total: 0/10)
🧠 Parallel analyzing 20 posts...
✅ Found 0 leads. (Total: 0/10)
🧠 Parallel analyzing 20 posts...
✅ Found 0 leads. (Total: 0/10)
🧠 Parallel analyzing 20 posts...
✅ Found 0 leads. (Total: 0/10)
🧠 Parallel analyzing 20 posts...
✅ Found 0 leads. (Total: 0/10)
🧠 Parallel analyzing 20 posts...
✅ Found 0 leads. (Total: 0/10)
🧠 Parallel analyzing 20 posts...
✅ Found 0 leads. (Total: 0/10)
🧠 Parallel analyzing 20 posts...
✅ Found 0 leads. (Total: 0/10)
🧠 Parallel analyzing 20 posts...
✅ Found 0 leads. (Total: 0/10)
🧠 Parallel analyzing 20 posts...
✅ Found 0 leads. (Total: 0/10)
🧠 Parallel analyzing 20 posts...
✅ Found 0 leads. (Total: 0/10)
🧠 Parallel analyzing 20 posts...
✅ Found 0 leads. (Total: 0/10)
🧠 Parallel analyzing 20 posts...
